[debug] [2017-10-25T22:15:04.280Z] ----------------------------------------------------------------------
[debug] [2017-10-25T22:15:04.282Z] Command:       /Users/lok/.nvm/versions/node/v7.9.0/bin/node /Users/lok/.nvm/versions/node/v7.9.0/bin/firebase serve --only functions,hosting
[debug] [2017-10-25T22:15:04.282Z] CLI Version:   3.13.1
[debug] [2017-10-25T22:15:04.282Z] Platform:      darwin
[debug] [2017-10-25T22:15:04.282Z] Node Version:  v7.9.0
[debug] [2017-10-25T22:15:04.283Z] Time:          Thu Oct 26 2017 06:15:04 GMT+0800 (HKT)
[debug] [2017-10-25T22:15:04.283Z] ----------------------------------------------------------------------
[debug] 
[debug] [2017-10-25T22:15:04.296Z] > command requires scopes: ["email","openid","https://www.googleapis.com/auth/cloudplatformprojects.readonly","https://www.googleapis.com/auth/firebase","https://www.googleapis.com/auth/cloud-platform"]
[debug] [2017-10-25T22:15:04.296Z] > authorizing via signed-in user
[debug] [2017-10-25T22:15:04.299Z] > refreshing access token with scopes: ["email","https://www.googleapis.com/auth/cloud-platform","https://www.googleapis.com/auth/cloudplatformprojects.readonly","https://www.googleapis.com/auth/firebase","openid"]
[debug] [2017-10-25T22:15:04.299Z] >>> HTTP REQUEST POST https://www.googleapis.com/oauth2/v3/token { refresh_token: '1/sGbwP0wnm03XWWLfDIozZqbF5WSEjy9Kwj30CsRKeZ4',
  client_id: '563584335869-fgrhgmd47bqnekij5i8b5pr03ho849e6.apps.googleusercontent.com',
  client_secret: 'j9iVZfS8kkCEFUPaAeJV0sAi',
  grant_type: 'refresh_token',
  scope: 'email https://www.googleapis.com/auth/cloud-platform https://www.googleapis.com/auth/cloudplatformprojects.readonly https://www.googleapis.com/auth/firebase openid' } 
 Thu Oct 26 2017 06:15:04 GMT+0800 (HKT)
[debug] [2017-10-25T22:15:04.424Z] <<< HTTP RESPONSE 200
[debug] [2017-10-25T22:15:04.434Z] >>> HTTP REQUEST GET https://admin.firebase.com/v1/projects/loklok-fbia  
 Thu Oct 26 2017 06:15:04 GMT+0800 (HKT)
[debug] [2017-10-25T22:15:05.683Z] <<< HTTP RESPONSE 200
[debug] [2017-10-25T22:15:05.684Z] >>> HTTP REQUEST GET https://admin.firebase.com/v1/database/loklok-fbia/tokens  
 Thu Oct 26 2017 06:15:05 GMT+0800 (HKT)
[debug] [2017-10-25T22:15:06.825Z] <<< HTTP RESPONSE 200
[info] 
[info] === Serving from '/Volumes/Data/WONGLOK/WORK_IMPORTANT/WongLok/loklokFBIA'...
[info] 
[info] i  functions: Preparing to emulate functions.
[debug] [2017-10-25T22:15:07.117Z] >>> HTTP REQUEST GET https://appengine.googleapis.com/v1/apps/loklok-fbia  
 Thu Oct 26 2017 06:15:07 GMT+0800 (HKT)
[debug] [2017-10-25T22:15:07.118Z] >>> HTTP REQUEST GET https://apikeys.googleapis.com/v1/projects/loklok-fbia/apiKeys  
 Thu Oct 26 2017 06:15:07 GMT+0800 (HKT)
[debug] [2017-10-25T22:15:07.118Z] >>> HTTP REQUEST GET https://cloudresourcemanager.googleapis.com/v1/projects/loklok-fbia  
 Thu Oct 26 2017 06:15:07 GMT+0800 (HKT)
[debug] [2017-10-25T22:15:08.179Z] <<< HTTP RESPONSE 200
[debug] [2017-10-25T22:15:08.179Z] >>> HTTP REQUEST GET https://mobilesdk-pa.googleapis.com/v1/projects/186535374376/clients/_:getWebAppConfig  
 Thu Oct 26 2017 06:15:08 GMT+0800 (HKT)
[debug] [2017-10-25T22:15:08.284Z] <<< HTTP RESPONSE 200
[debug] [2017-10-25T22:15:08.384Z] <<< HTTP RESPONSE 200
[debug] [2017-10-25T22:15:09.181Z] <<< HTTP RESPONSE 200
[info] i  hosting: Serving hosting files from: dist
[info] ✔  hosting: Local server: http://localhost:5000

[info] ✔  functions: app: http://localhost:5001/loklok-fbia/us-central1/app
[info] [hosting] Rewriting /rss/dev to local function app
[info] [hosting] Rewriting /favicon.ico to local function app
[info] [hosting] Rewriting /rss/dev to local function app
[info] [hosting] Rewriting /favicon.ico to local function app
[info] [hosting] Rewriting /articles/ to local function app
[info] [hosting] Rewriting /favicon.ico to local function app
[info] [hosting] Rewriting /articles/123 to local function app
[info] [hosting] Rewriting /favicon.ico to local function app
[info] [hosting] Rewriting /articles/123 to local function app
[info] [hosting] Rewriting /favicon.ico to local function app
[info] [hosting] Rewriting /articles/123%3Capple%3E to local function app
[info] [hosting] Rewriting /favicon.ico to local function app
[info] [hosting] Rewriting /articles/123%22%3E to local function app
[info] [hosting] Rewriting /favicon.ico to local function app
[info] [hosting] Rewriting /articles/123%22%3E to local function app
[info] [hosting] Rewriting /favicon.ico to local function app
[info] [hosting] Rewriting /articles/123 to local function app
[info] [hosting] Rewriting /favicon.ico to local function app
[info] [hosting] Rewriting /favicon.ico to local function app
[info] [hosting] Rewriting /articles/123%22%3E to local function app
[info] [hosting] Rewriting /favicon.ico to local function app
[info] [hosting] Rewriting /articles/123%3Capple%3E to local function app
[info] [hosting] Rewriting /favicon.ico to local function app
[info] [hosting] Rewriting /articles/123 to local function app
[info] [hosting] Rewriting /favicon.ico to local function app
[info] [hosting] Rewriting /articles/ to local function app
[info] [hosting] Rewriting /favicon.ico to local function app
[info] [hosting] Rewriting /rss/dev to local function app
[info] [hosting] Rewriting /favicon.ico to local function app
[info] [hosting] Rewriting /rss/dev to local function app
[info] [hosting] Rewriting /favicon.ico to local function app
[info] [hosting] Rewriting /rss/dev to local function app
[info] [hosting] Rewriting /favicon.ico to local function app
[info] [hosting] Rewriting /rss/all to local function app
[info] [hosting] Rewriting /rss/dev to local function app
[info] [hosting] Rewriting /favicon.ico to local function app
[info] [hosting] Rewriting /articles/ to local function app
[info] [hosting] Rewriting /favicon.ico to local function app
[info] [hosting] Rewriting /rss/dev to local function app
[info] [hosting] Rewriting /favicon.ico to local function app
[info] [hosting] Rewriting /articles/ to local function app
[info] [hosting] Rewriting /favicon.ico to local function app
[info] [hosting] Rewriting /articles/asd to local function app
[info] [hosting] Rewriting /favicon.ico to local function app
[info] [hosting] Rewriting /articles/asd%3E to local function app
[info] [hosting] Rewriting /favicon.ico to local function app
[info] [hosting] Rewriting /articles/-KxKbnCualk2NMVjXOCZ to local function app
[info] [hosting] Rewriting /favicon.ico to local function app
